<?xml version="1.0" encoding="utf-8"?>
<test-run id="2" testcasecount="28" result="Passed" total="28" passed="28" failed="0" inconclusive="0" skipped="0" asserts="0" engine-version="3.5.0.0" clr-version="4.0.30319.42000" start-time="2026-04-07 19:10:37Z" end-time="2026-04-07 19:10:37Z" duration="0,0835735">
  <test-suite type="TestSuite" id="1000" name="DurakGameCodex" fullname="DurakGameCodex" runstate="Runnable" testcasecount="28" result="Passed" start-time="2026-04-07 19:10:37Z" end-time="2026-04-07 19:10:37Z" duration="0.083574" total="28" passed="28" failed="0" inconclusive="0" skipped="0" asserts="0">
    <properties>
      <property name="platform" value="EditMode" />
    </properties>
    <test-suite type="Assembly" id="1031" name="Durak.EditModeTests.dll" fullname="C:/_dev/DurakGameCodex/Library/ScriptAssemblies/Durak.EditModeTests.dll" runstate="Runnable" testcasecount="28" result="Passed" start-time="2026-04-07 19:10:37Z" end-time="2026-04-07 19:10:37Z" duration="0.076634" total="28" passed="28" failed="0" inconclusive="0" skipped="0" asserts="0">
      <properties>
        <property name="_PID" value="25776" />
        <property name="_APPDOMAIN" value="Unity Child Domain" />
        <property name="platform" value="EditMode" />
        <property name="EditorOnly" value="True" />
      </properties>
      <test-suite type="TestSuite" id="1032" name="DurakGame" fullname="DurakGame" runstate="Runnable" testcasecount="28" result="Passed" start-time="2026-04-07 19:10:37Z" end-time="2026-04-07 19:10:37Z" duration="0.075814" total="28" passed="28" failed="0" inconclusive="0" skipped="0" asserts="0">
        <properties />
        <test-suite type="TestSuite" id="1033" name="Tests" fullname="DurakGame.Tests" runstate="Runnable" testcasecount="28" result="Passed" start-time="2026-04-07 19:10:37Z" end-time="2026-04-07 19:10:37Z" duration="0.074930" total="28" passed="28" failed="0" inconclusive="0" skipped="0" asserts="0">
          <properties />
          <test-suite type="TestFixture" id="1001" name="DurakRulesEngineTests" fullname="DurakGame.Tests.DurakRulesEngineTests" classname="DurakGame.Tests.DurakRulesEngineTests" runstate="Runnable" testcasecount="18" result="Passed" start-time="2026-04-07 19:10:37Z" end-time="2026-04-07 19:10:37Z" duration="0.065225" total="18" passed="18" failed="0" inconclusive="0" skipped="0" asserts="0">
            <properties />
            <test-case id="1013" name="AddCard_WithNonMatchingRank_IsRejected" fullname="DurakGame.Tests.DurakRulesEngineTests.AddCard_WithNonMatchingRank_IsRejected" methodname="AddCard_WithNonMatchingRank_IsRejected" classname="DurakGame.Tests.DurakRulesEngineTests" runstate="Runnable" seed="559603082" result="Passed" start-time="2026-04-07 19:10:37Z" end-time="2026-04-07 19:10:37Z" duration="0.014236" asserts="0">
              <properties>
                <property name="retryIteration" value="0" />
                <property name="repeatIteration" value="0" />
              </properties>
            </test-case>
            <test-case id="1018" name="Attack_ByNonRoundAttacker_IsRejected" fullname="DurakGame.Tests.DurakRulesEngineTests.Attack_ByNonRoundAttacker_IsRejected" methodname="Attack_ByNonRoundAttacker_IsRejected" classname="DurakGame.Tests.DurakRulesEngineTests" runstate="Runnable" seed="91056571" result="Passed" start-time="2026-04-07 19:10:37Z" end-time="2026-04-07 19:10:37Z" duration="0.000915" asserts="0">
              <properties>
                <property name="retryIteration" value="0" />
                <property name="repeatIteration" value="0" />
              </properties>
            </test-case>
            <test-case id="1005" name="BotPlaysDeterministicLoop_UntilMatchEnds" fullname="DurakGame.Tests.DurakRulesEngineTests.BotPlaysDeterministicLoop_UntilMatchEnds" methodname="BotPlaysDeterministicLoop_UntilMatchEnds" classname="DurakGame.Tests.DurakRulesEngineTests" runstate="Runnable" seed="88152022" result="Passed" start-time="2026-04-07 19:10:37Z" end-time="2026-04-07 19:10:37Z" duration="0.020003" asserts="0">
              <properties>
                <property name="retryIteration" value="0" />
                <property name="repeatIteration" value="0" />
              </properties>
            </test-case>
            <test-case id="1006" name="BotStrategy_AlwaysReturnsLegalIntent" fullname="DurakGame.Tests.DurakRulesEngineTests.BotStrategy_AlwaysReturnsLegalIntent" methodname="BotStrategy_AlwaysReturnsLegalIntent" classname="DurakGame.Tests.DurakRulesEngineTests" runstate="Runnable" seed="320121715" result="Passed" start-time="2026-04-07 19:10:37Z" end-time="2026-04-07 19:10:37Z" duration="0.002533" asserts="0">
              <properties>
                <property name="retryIteration" value="0" />
                <property name="repeatIteration" value="0" />
              </properties>
            </test-case>
            <test-case id="1019" name="Defend_ByNonDefender_IsRejected" fullname="DurakGame.Tests.DurakRulesEngineTests.Defend_ByNonDefender_IsRejected" methodname="Defend_ByNonDefender_IsRejected" classname="DurakGame.Tests.DurakRulesEngineTests" runstate="Runnable" seed="2014585337" result="Passed" start-time="2026-04-07 19:10:37Z" end-time="2026-04-07 19:10:37Z" duration="0.000427" asserts="0">
              <properties>
                <property name="retryIteration" value="0" />
                <property name="repeatIteration" value="0" />
              </properties>
            </test-case>
            <test-case id="1011" name="Defend_WithLowerSameSuitCard_IsRejected" fullname="DurakGame.Tests.DurakRulesEngineTests.Defend_WithLowerSameSuitCard_IsRejected" methodname="Defend_WithLowerSameSuitCard_IsRejected" classname="DurakGame.Tests.DurakRulesEngineTests" runstate="Runnable" seed="1922779988" result="Passed" start-time="2026-04-07 19:10:37Z" end-time="2026-04-07 19:10:37Z" duration="0.000398" asserts="0">
              <properties>
                <property name="retryIteration" value="0" />
                <property name="repeatIteration" value="0" />
              </properties>
            </test-case>
            <test-case id="1012" name="Defend_WithTrumpAgainstNonTrump_IsAccepted" fullname="DurakGame.Tests.DurakRulesEngineTests.Defend_WithTrumpAgainstNonTrump_IsAccepted" methodname="Defend_WithTrumpAgainstNonTrump_IsAccepted" classname="DurakGame.Tests.DurakRulesEngineTests" runstate="Runnable" seed="76274274" result="Passed" start-time="2026-04-07 19:10:37Z" end-time="2026-04-07 19:10:37Z" duration="0.000409" asserts="0">
              <properties>
                <property name="retryIteration" value="0" />
                <property name="repeatIteration" value="0" />
              </properties>
            </test-case>
            <test-case id="1009" name="DefenderLegalIntents_AlwaysContainTakeCards_WhenUndefendedAttackExists" fullname="DurakGame.Tests.DurakRulesEngineTests.DefenderLegalIntents_AlwaysContainTakeCards_WhenUndefendedAttackExists" methodname="DefenderLegalIntents_AlwaysContainTakeCards_WhenUndefendedAttackExists" classname="DurakGame.Tests.DurakRulesEngineTests" runstate="Runnable" seed="1208198154" result="Passed" start-time="2026-04-07 19:10:37Z" end-time="2026-04-07 19:10:37Z" duration="0.000362" asserts="0">
              <properties>
                <property name="retryIteration" value="0" />
                <property name="repeatIteration" value="0" />
              </properties>
            </test-case>
            <test-case id="1016" name="DefenderTakeCards_DoesNotMakeDefenderImmediateAttacker_InThreePlayerRound" fullname="DurakGame.Tests.DurakRulesEngineTests.DefenderTakeCards_DoesNotMakeDefenderImmediateAttacker_InThreePlayerRound" methodname="DefenderTakeCards_DoesNotMakeDefenderImmediateAttacker_InThreePlayerRound" classname="DurakGame.Tests.DurakRulesEngineTests" runstate="Runnable" seed="1904562946" result="Passed" start-time="2026-04-07 19:10:37Z" end-time="2026-04-07 19:10:37Z" duration="0.000365" asserts="0">
              <properties>
                <property name="retryIteration" value="0" />
                <property name="repeatIteration" value="0" />
              </properties>
            </test-case>
            <test-case id="1015" name="DefenderTakeCards_StartsNextRoundWithoutChangingAttacker" fullname="DurakGame.Tests.DurakRulesEngineTests.DefenderTakeCards_StartsNextRoundWithoutChangingAttacker" methodname="DefenderTakeCards_StartsNextRoundWithoutChangingAttacker" classname="DurakGame.Tests.DurakRulesEngineTests" runstate="Runnable" seed="1379630134" result="Passed" start-time="2026-04-07 19:10:37Z" end-time="2026-04-07 19:10:37Z" duration="0.000433" asserts="0">
              <properties>
                <property name="retryIteration" value="0" />
                <property name="repeatIteration" value="0" />
              </properties>
            </test-case>
            <test-case id="1004" name="FirstAttack_CreatesTableCardAndDefenderGetsTurn" fullname="DurakGame.Tests.DurakRulesEngineTests.FirstAttack_CreatesTableCardAndDefenderGetsTurn" methodname="FirstAttack_CreatesTableCardAndDefenderGetsTurn" classname="DurakGame.Tests.DurakRulesEngineTests" runstate="Runnable" seed="16151758" result="Passed" start-time="2026-04-07 19:10:37Z" end-time="2026-04-07 19:10:37Z" duration="0.000344" asserts="0">
              <properties>
                <property name="retryIteration" value="0" />
                <property name="repeatIteration" value="0" />
              </properties>
            </test-case>
            <test-case id="1008" name="InitializeMatch_CopiesPlayerIdentityFromSeats" fullname="DurakGame.Tests.DurakRulesEngineTests.InitializeMatch_CopiesPlayerIdentityFromSeats" methodname="InitializeMatch_CopiesPlayerIdentityFromSeats" classname="DurakGame.Tests.DurakRulesEngineTests" runstate="Runnable" seed="1470973183" result="Passed" start-time="2026-04-07 19:10:37Z" end-time="2026-04-07 19:10:37Z" duration="0.000296" asserts="0">
              <properties>
                <property name="retryIteration" value="0" />
                <property name="repeatIteration" value="0" />
              </properties>
            </test-case>
            <test-case id="1002" name="InitializeMatch_DealsSixCardsAndSetsDeckCount" fullname="DurakGame.Tests.DurakRulesEngineTests.InitializeMatch_DealsSixCardsAndSetsDeckCount" methodname="InitializeMatch_DealsSixCardsAndSetsDeckCount" classname="DurakGame.Tests.DurakRulesEngineTests" runstate="Runnable" seed="275215962" result="Passed" start-time="2026-04-07 19:10:37Z" end-time="2026-04-07 19:10:37Z" duration="0.000339" asserts="0">
              <properties>
                <property name="retryIteration" value="0" />
                <property name="repeatIteration" value="0" />
              </properties>
            </test-case>
            <test-case id="1007" name="InitializeMatch_WithSameSeed_IsDeterministic" fullname="DurakGame.Tests.DurakRulesEngineTests.InitializeMatch_WithSameSeed_IsDeterministic" methodname="InitializeMatch_WithSameSeed_IsDeterministic" classname="DurakGame.Tests.DurakRulesEngineTests" runstate="Runnable" seed="1948486326" result="Passed" start-time="2026-04-07 19:10:37Z" end-time="2026-04-07 19:10:37Z" duration="0.000403" asserts="0">
              <properties>
                <property name="retryIteration" value="0" />
                <property name="repeatIteration" value="0" />
              </properties>
            </test-case>
            <test-case id="1003" name="NonCurrentPlayerIntent_IsRejected" fullname="DurakGame.Tests.DurakRulesEngineTests.NonCurrentPlayerIntent_IsRejected" methodname="NonCurrentPlayerIntent_IsRejected" classname="DurakGame.Tests.DurakRulesEngineTests" runstate="Runnable" seed="1680333424" result="Passed" start-time="2026-04-07 19:10:37Z" end-time="2026-04-07 19:10:37Z" duration="0.000257" asserts="0">
              <properties>
                <property name="retryIteration" value="0" />
                <property name="repeatIteration" value="0" />
              </properties>
            </test-case>
            <test-case id="1017" name="SnapshotRestore_PreservesAuthoritativeState_AndAllowsPlayToContinue" fullname="DurakGame.Tests.DurakRulesEngineTests.SnapshotRestore_PreservesAuthoritativeState_AndAllowsPlayToContinue" methodname="SnapshotRestore_PreservesAuthoritativeState_AndAllowsPlayToContinue" classname="DurakGame.Tests.DurakRulesEngineTests" runstate="Runnable" seed="1003880486" result="Passed" start-time="2026-04-07 19:10:37Z" end-time="2026-04-07 19:10:37Z" duration="0.001118" asserts="0">
              <properties>
                <property name="retryIteration" value="0" />
                <property name="repeatIteration" value="0" />
              </properties>
            </test-case>
            <test-case id="1014" name="SuccessfulDefense_ThenEndAttack_StartsNextRoundWithPreviousDefenderAsAttacker" fullname="DurakGame.Tests.DurakRulesEngineTests.SuccessfulDefense_ThenEndAttack_StartsNextRoundWithPreviousDefenderAsAttacker" methodname="SuccessfulDefense_ThenEndAttack_StartsNextRoundWithPreviousDefenderAsAttacker" classname="DurakGame.Tests.DurakRulesEngineTests" runstate="Runnable" seed="401806874" result="Passed" start-time="2026-04-07 19:10:37Z" end-time="2026-04-07 19:10:37Z" duration="0.000565" asserts="0">
              <properties>
                <property name="retryIteration" value="0" />
                <property name="repeatIteration" value="0" />
              </properties>
            </test-case>
            <test-case id="1010" name="TakeCards_IsRejected_WhenAllTablePairsAreAlreadyDefended" fullname="DurakGame.Tests.DurakRulesEngineTests.TakeCards_IsRejected_WhenAllTablePairsAreAlreadyDefended" methodname="TakeCards_IsRejected_WhenAllTablePairsAreAlreadyDefended" classname="DurakGame.Tests.DurakRulesEngineTests" runstate="Runnable" seed="57413273" result="Passed" start-time="2026-04-07 19:10:37Z" end-time="2026-04-07 19:10:37Z" duration="0.000365" asserts="0">
              <properties>
                <property name="retryIteration" value="0" />
                <property name="repeatIteration" value="0" />
              </properties>
            </test-case>
          </test-suite>
          <test-suite type="TestFixture" id="1020" name="LobbyIdentityResolverTests" fullname="DurakGame.Tests.LobbyIdentityResolverTests" classname="DurakGame.Tests.LobbyIdentityResolverTests" runstate="Runnable" testcasecount="10" result="Passed" start-time="2026-04-07 19:10:37Z" end-time="2026-04-07 19:10:37Z" duration="0.007272" total="10" passed="10" failed="0" inconclusive="0" skipped="0" asserts="0">
            <properties />
            <test-case id="1030" name="Clones_PreservePlayerIdentityFields" fullname="DurakGame.Tests.LobbyIdentityResolverTests.Clones_PreservePlayerIdentityFields" methodname="Clones_PreservePlayerIdentityFields" classname="DurakGame.Tests.LobbyIdentityResolverTests" runstate="Runnable" seed="769364888" result="Passed" start-time="2026-04-07 19:10:37Z" end-time="2026-04-07 19:10:37Z" duration="0.000517" asserts="0">
              <properties>
                <property name="retryIteration" value="0" />
                <property name="repeatIteration" value="0" />
              </properties>
            </test-case>
            <test-case id="1021" name="IsLocalLobbyPlayer_MatchesByClientId" fullname="DurakGame.Tests.LobbyIdentityResolverTests.IsLocalLobbyPlayer_MatchesByClientId" methodname="IsLocalLobbyPlayer_MatchesByClientId" classname="DurakGame.Tests.LobbyIdentityResolverTests" runstate="Runnable" seed="786638778" result="Passed" start-time="2026-04-07 19:10:37Z" end-time="2026-04-07 19:10:37Z" duration="0.000271" asserts="0">
              <properties>
                <property name="retryIteration" value="0" />
                <property name="repeatIteration" value="0" />
              </properties>
            </test-case>
            <test-case id="1022" name="IsLocalLobbyPlayer_MatchesByIdentity_WhenClientIdChanged" fullname="DurakGame.Tests.LobbyIdentityResolverTests.IsLocalLobbyPlayer_MatchesByIdentity_WhenClientIdChanged" methodname="IsLocalLobbyPlayer_MatchesByIdentity_WhenClientIdChanged" classname="DurakGame.Tests.LobbyIdentityResolverTests" runstate="Runnable" seed="1550523625" result="Passed" start-time="2026-04-07 19:10:37Z" end-time="2026-04-07 19:10:37Z" duration="0.000159" asserts="0">
              <properties>
                <property name="retryIteration" value="0" />
                <property name="repeatIteration" value="0" />
              </properties>
            </test-case>
            <test-case id="1028" name="ResolveLocalPlayerId_PrefersOwnerClientId_WhenIdentityIsDuplicated" fullname="DurakGame.Tests.LobbyIdentityResolverTests.ResolveLocalPlayerId_PrefersOwnerClientId_WhenIdentityIsDuplicated" methodname="ResolveLocalPlayerId_PrefersOwnerClientId_WhenIdentityIsDuplicated" classname="DurakGame.Tests.LobbyIdentityResolverTests" runstate="Runnable" seed="1571641863" result="Passed" start-time="2026-04-07 19:10:37Z" end-time="2026-04-07 19:10:37Z" duration="0.000587" asserts="0">
              <properties>
                <property name="retryIteration" value="0" />
                <property name="repeatIteration" value="0" />
              </properties>
            </test-case>
            <test-case id="1029" name="ResolveLocalPlayerId_ReturnsMinusOne_WhenNoMatch" fullname="DurakGame.Tests.LobbyIdentityResolverTests.ResolveLocalPlayerId_ReturnsMinusOne_WhenNoMatch" methodname="ResolveLocalPlayerId_ReturnsMinusOne_WhenNoMatch" classname="DurakGame.Tests.LobbyIdentityResolverTests" runstate="Runnable" seed="1100962367" result="Passed" start-time="2026-04-07 19:10:37Z" end-time="2026-04-07 19:10:37Z" duration="0.000322" asserts="0">
              <properties>
                <property name="retryIteration" value="0" />
                <property name="repeatIteration" value="0" />
              </properties>
            </test-case>
            <test-case id="1025" name="ResolveLocalPlayerId_UsesIdentity_WhenOwnerClientIdStale" fullname="DurakGame.Tests.LobbyIdentityResolverTests.ResolveLocalPlayerId_UsesIdentity_WhenOwnerClientIdStale" methodname="ResolveLocalPlayerId_UsesIdentity_WhenOwnerClientIdStale" classname="DurakGame.Tests.LobbyIdentityResolverTests" runstate="Runnable" seed="1445599213" result="Passed" start-time="2026-04-07 19:10:37Z" end-time="2026-04-07 19:10:37Z" duration="0.000240" asserts="0">
              <properties>
                <property name="retryIteration" value="0" />
                <property name="repeatIteration" value="0" />
              </properties>
            </test-case>
            <test-case id="1024" name="TryGetLocalLobbyReady_FallsBackToClientId_WhenIdentityMissing" fullname="DurakGame.Tests.LobbyIdentityResolverTests.TryGetLocalLobbyReady_FallsBackToClientId_WhenIdentityMissing" methodname="TryGetLocalLobbyReady_FallsBackToClientId_WhenIdentityMissing" classname="DurakGame.Tests.LobbyIdentityResolverTests" runstate="Runnable" seed="824579011" result="Passed" start-time="2026-04-07 19:10:37Z" end-time="2026-04-07 19:10:37Z" duration="0.000569" asserts="0">
              <properties>
                <property name="retryIteration" value="0" />
                <property name="repeatIteration" value="0" />
              </properties>
            </test-case>
            <test-case id="1023" name="TryGetLocalLobbyReady_PrefersClientIdOverIdentity" fullname="DurakGame.Tests.LobbyIdentityResolverTests.TryGetLocalLobbyReady_PrefersClientIdOverIdentity" methodname="TryGetLocalLobbyReady_PrefersClientIdOverIdentity" classname="DurakGame.Tests.LobbyIdentityResolverTests" runstate="Runnable" seed="1215665514" result="Passed" start-time="2026-04-07 19:10:37Z" end-time="2026-04-07 19:10:37Z" duration="0.000278" asserts="0">
              <properties>
                <property name="retryIteration" value="0" />
                <property name="repeatIteration" value="0" />
              </properties>
            </test-case>
            <test-case id="1026" name="TryResolveLocalLobbyPlayer_PrefersClientId_WhenIdentityIsDuplicated" fullname="DurakGame.Tests.LobbyIdentityResolverTests.TryResolveLocalLobbyPlayer_PrefersClientId_WhenIdentityIsDuplicated" methodname="TryResolveLocalLobbyPlayer_PrefersClientId_WhenIdentityIsDuplicated" classname="DurakGame.Tests.LobbyIdentityResolverTests" runstate="Runnable" seed="1092631697" result="Passed" start-time="2026-04-07 19:10:37Z" end-time="2026-04-07 19:10:37Z" duration="0.000533" asserts="0">
              <properties>
                <property name="retryIteration" value="0" />
                <property name="repeatIteration" value="0" />
              </properties>
            </test-case>
            <test-case id="1027" name="TryResolveLocalLobbyPlayer_ReturnsFalse_WhenIdentityDuplicateAndClientIdMissing" fullname="DurakGame.Tests.LobbyIdentityResolverTests.TryResolveLocalLobbyPlayer_ReturnsFalse_WhenIdentityDuplicateAndClientIdMissing" methodname="TryResolveLocalLobbyPlayer_ReturnsFalse_WhenIdentityDuplicateAndClientIdMissing" classname="DurakGame.Tests.LobbyIdentityResolverTests" runstate="Runnable" seed="739601121" result="Passed" start-time="2026-04-07 19:10:37Z" end-time="2026-04-07 19:10:37Z" duration="0.000322" asserts="0">
              <properties>
                <property name="retryIteration" value="0" />
                <property name="repeatIteration" value="0" />
              </properties>
              <output><![CDATA[Saving results to: C:/Users/Administrator/AppData/LocalLow/DefaultCompany/DurakGameCodex\TestResults.xml
]]></output>
            </test-case>
          </test-suite>
        </test-suite>
      </test-suite>
    </test-suite>
  </test-suite>
</test-run>