<?xml version="1.0" encoding="utf-8"?>
<test-run id="2" testcasecount="28" result="Passed" total="28" passed="28" failed="0" inconclusive="0" skipped="0" asserts="0" engine-version="3.5.0.0" clr-version="4.0.30319.42000" start-time="2026-04-07 18:24:59Z" end-time="2026-04-07 18:24:59Z" duration="0,0465779">
  <test-suite type="TestSuite" id="1000" name="DurakGameCodex" fullname="DurakGameCodex" runstate="Runnable" testcasecount="28" result="Passed" start-time="2026-04-07 18:24:59Z" end-time="2026-04-07 18:24:59Z" duration="0.046578" total="28" passed="28" failed="0" inconclusive="0" skipped="0" asserts="0">
    <properties>
      <property name="platform" value="EditMode" />
    </properties>
    <test-suite type="Assembly" id="1031" name="Durak.EditModeTests.dll" fullname="C:/_dev/DurakGameCodex/Library/ScriptAssemblies/Durak.EditModeTests.dll" runstate="Runnable" testcasecount="28" result="Passed" start-time="2026-04-07 18:24:59Z" end-time="2026-04-07 18:24:59Z" duration="0.039859" total="28" passed="28" failed="0" inconclusive="0" skipped="0" asserts="0">
      <properties>
        <property name="_PID" value="26048" />
        <property name="_APPDOMAIN" value="Unity Child Domain" />
        <property name="platform" value="EditMode" />
        <property name="EditorOnly" value="True" />
      </properties>
      <test-suite type="TestSuite" id="1032" name="DurakGame" fullname="DurakGame" runstate="Runnable" testcasecount="28" result="Passed" start-time="2026-04-07 18:24:59Z" end-time="2026-04-07 18:24:59Z" duration="0.039020" total="28" passed="28" failed="0" inconclusive="0" skipped="0" asserts="0">
        <properties />
        <test-suite type="TestSuite" id="1033" name="Tests" fullname="DurakGame.Tests" runstate="Runnable" testcasecount="28" result="Passed" start-time="2026-04-07 18:24:59Z" end-time="2026-04-07 18:24:59Z" duration="0.038547" total="28" passed="28" failed="0" inconclusive="0" skipped="0" asserts="0">
          <properties />
          <test-suite type="TestFixture" id="1001" name="DurakRulesEngineTests" fullname="DurakGame.Tests.DurakRulesEngineTests" classname="DurakGame.Tests.DurakRulesEngineTests" runstate="Runnable" testcasecount="18" result="Passed" start-time="2026-04-07 18:24:59Z" end-time="2026-04-07 18:24:59Z" duration="0.032991" total="18" passed="18" failed="0" inconclusive="0" skipped="0" asserts="0">
            <properties />
            <test-case id="1013" name="AddCard_WithNonMatchingRank_IsRejected" fullname="DurakGame.Tests.DurakRulesEngineTests.AddCard_WithNonMatchingRank_IsRejected" methodname="AddCard_WithNonMatchingRank_IsRejected" classname="DurakGame.Tests.DurakRulesEngineTests" runstate="Runnable" seed="426217664" result="Passed" start-time="2026-04-07 18:24:59Z" end-time="2026-04-07 18:24:59Z" duration="0.009301" asserts="0">
              <properties>
                <property name="retryIteration" value="0" />
                <property name="repeatIteration" value="0" />
              </properties>
            </test-case>
            <test-case id="1018" name="Attack_ByNonRoundAttacker_IsRejected" fullname="DurakGame.Tests.DurakRulesEngineTests.Attack_ByNonRoundAttacker_IsRejected" methodname="Attack_ByNonRoundAttacker_IsRejected" classname="DurakGame.Tests.DurakRulesEngineTests" runstate="Runnable" seed="1780263539" result="Passed" start-time="2026-04-07 18:24:59Z" end-time="2026-04-07 18:24:59Z" duration="0.000422" asserts="0">
              <properties>
                <property name="retryIteration" value="0" />
                <property name="repeatIteration" value="0" />
              </properties>
            </test-case>
            <test-case id="1005" name="BotPlaysDeterministicLoop_UntilMatchEnds" fullname="DurakGame.Tests.DurakRulesEngineTests.BotPlaysDeterministicLoop_UntilMatchEnds" methodname="BotPlaysDeterministicLoop_UntilMatchEnds" classname="DurakGame.Tests.DurakRulesEngineTests" runstate="Runnable" seed="1491413321" result="Passed" start-time="2026-04-07 18:24:59Z" end-time="2026-04-07 18:24:59Z" duration="0.008446" asserts="0">
              <properties>
                <property name="retryIteration" value="0" />
                <property name="repeatIteration" value="0" />
              </properties>
            </test-case>
            <test-case id="1006" name="BotStrategy_AlwaysReturnsLegalIntent" fullname="DurakGame.Tests.DurakRulesEngineTests.BotStrategy_AlwaysReturnsLegalIntent" methodname="BotStrategy_AlwaysReturnsLegalIntent" classname="DurakGame.Tests.DurakRulesEngineTests" runstate="Runnable" seed="1224907325" result="Passed" start-time="2026-04-07 18:24:59Z" end-time="2026-04-07 18:24:59Z" duration="0.000958" asserts="0">
              <properties>
                <property name="retryIteration" value="0" />
                <property name="repeatIteration" value="0" />
              </properties>
            </test-case>
            <test-case id="1019" name="Defend_ByNonDefender_IsRejected" fullname="DurakGame.Tests.DurakRulesEngineTests.Defend_ByNonDefender_IsRejected" methodname="Defend_ByNonDefender_IsRejected" classname="DurakGame.Tests.DurakRulesEngineTests" runstate="Runnable" seed="1753901769" result="Passed" start-time="2026-04-07 18:24:59Z" end-time="2026-04-07 18:24:59Z" duration="0.000240" asserts="0">
              <properties>
                <property name="retryIteration" value="0" />
                <property name="repeatIteration" value="0" />
              </properties>
            </test-case>
            <test-case id="1011" name="Defend_WithLowerSameSuitCard_IsRejected" fullname="DurakGame.Tests.DurakRulesEngineTests.Defend_WithLowerSameSuitCard_IsRejected" methodname="Defend_WithLowerSameSuitCard_IsRejected" classname="DurakGame.Tests.DurakRulesEngineTests" runstate="Runnable" seed="414064576" result="Passed" start-time="2026-04-07 18:24:59Z" end-time="2026-04-07 18:24:59Z" duration="0.000212" asserts="0">
              <properties>
                <property name="retryIteration" value="0" />
                <property name="repeatIteration" value="0" />
              </properties>
            </test-case>
            <test-case id="1012" name="Defend_WithTrumpAgainstNonTrump_IsAccepted" fullname="DurakGame.Tests.DurakRulesEngineTests.Defend_WithTrumpAgainstNonTrump_IsAccepted" methodname="Defend_WithTrumpAgainstNonTrump_IsAccepted" classname="DurakGame.Tests.DurakRulesEngineTests" runstate="Runnable" seed="1302076422" result="Passed" start-time="2026-04-07 18:24:59Z" end-time="2026-04-07 18:24:59Z" duration="0.000199" asserts="0">
              <properties>
                <property name="retryIteration" value="0" />
                <property name="repeatIteration" value="0" />
              </properties>
            </test-case>
            <test-case id="1009" name="DefenderLegalIntents_AlwaysContainTakeCards_WhenUndefendedAttackExists" fullname="DurakGame.Tests.DurakRulesEngineTests.DefenderLegalIntents_AlwaysContainTakeCards_WhenUndefendedAttackExists" methodname="DefenderLegalIntents_AlwaysContainTakeCards_WhenUndefendedAttackExists" classname="DurakGame.Tests.DurakRulesEngineTests" runstate="Runnable" seed="805024823" result="Passed" start-time="2026-04-07 18:24:59Z" end-time="2026-04-07 18:24:59Z" duration="0.000221" asserts="0">
              <properties>
                <property name="retryIteration" value="0" />
                <property name="repeatIteration" value="0" />
              </properties>
            </test-case>
            <test-case id="1016" name="DefenderTakeCards_DoesNotMakeDefenderImmediateAttacker_InThreePlayerRound" fullname="DurakGame.Tests.DurakRulesEngineTests.DefenderTakeCards_DoesNotMakeDefenderImmediateAttacker_InThreePlayerRound" methodname="DefenderTakeCards_DoesNotMakeDefenderImmediateAttacker_InThreePlayerRound" classname="DurakGame.Tests.DurakRulesEngineTests" runstate="Runnable" seed="2029853692" result="Passed" start-time="2026-04-07 18:24:59Z" end-time="2026-04-07 18:24:59Z" duration="0.000233" asserts="0">
              <properties>
                <property name="retryIteration" value="0" />
                <property name="repeatIteration" value="0" />
              </properties>
            </test-case>
            <test-case id="1015" name="DefenderTakeCards_StartsNextRoundWithoutChangingAttacker" fullname="DurakGame.Tests.DurakRulesEngineTests.DefenderTakeCards_StartsNextRoundWithoutChangingAttacker" methodname="DefenderTakeCards_StartsNextRoundWithoutChangingAttacker" classname="DurakGame.Tests.DurakRulesEngineTests" runstate="Runnable" seed="1373916100" result="Passed" start-time="2026-04-07 18:24:59Z" end-time="2026-04-07 18:24:59Z" duration="0.000212" asserts="0">
              <properties>
                <property name="retryIteration" value="0" />
                <property name="repeatIteration" value="0" />
              </properties>
            </test-case>
            <test-case id="1004" name="FirstAttack_CreatesTableCardAndDefenderGetsTurn" fullname="DurakGame.Tests.DurakRulesEngineTests.FirstAttack_CreatesTableCardAndDefenderGetsTurn" methodname="FirstAttack_CreatesTableCardAndDefenderGetsTurn" classname="DurakGame.Tests.DurakRulesEngineTests" runstate="Runnable" seed="1397344093" result="Passed" start-time="2026-04-07 18:24:59Z" end-time="2026-04-07 18:24:59Z" duration="0.000147" asserts="0">
              <properties>
                <property name="retryIteration" value="0" />
                <property name="repeatIteration" value="0" />
              </properties>
            </test-case>
            <test-case id="1008" name="InitializeMatch_CopiesPlayerIdentityFromSeats" fullname="DurakGame.Tests.DurakRulesEngineTests.InitializeMatch_CopiesPlayerIdentityFromSeats" methodname="InitializeMatch_CopiesPlayerIdentityFromSeats" classname="DurakGame.Tests.DurakRulesEngineTests" runstate="Runnable" seed="659615994" result="Passed" start-time="2026-04-07 18:24:59Z" end-time="2026-04-07 18:24:59Z" duration="0.000157" asserts="0">
              <properties>
                <property name="retryIteration" value="0" />
                <property name="repeatIteration" value="0" />
              </properties>
            </test-case>
            <test-case id="1002" name="InitializeMatch_DealsSixCardsAndSetsDeckCount" fullname="DurakGame.Tests.DurakRulesEngineTests.InitializeMatch_DealsSixCardsAndSetsDeckCount" methodname="InitializeMatch_DealsSixCardsAndSetsDeckCount" classname="DurakGame.Tests.DurakRulesEngineTests" runstate="Runnable" seed="138014618" result="Passed" start-time="2026-04-07 18:24:59Z" end-time="2026-04-07 18:24:59Z" duration="0.000145" asserts="0">
              <properties>
                <property name="retryIteration" value="0" />
                <property name="repeatIteration" value="0" />
              </properties>
            </test-case>
            <test-case id="1007" name="InitializeMatch_WithSameSeed_IsDeterministic" fullname="DurakGame.Tests.DurakRulesEngineTests.InitializeMatch_WithSameSeed_IsDeterministic" methodname="InitializeMatch_WithSameSeed_IsDeterministic" classname="DurakGame.Tests.DurakRulesEngineTests" runstate="Runnable" seed="1704048935" result="Passed" start-time="2026-04-07 18:24:59Z" end-time="2026-04-07 18:24:59Z" duration="0.000326" asserts="0">
              <properties>
                <property name="retryIteration" value="0" />
                <property name="repeatIteration" value="0" />
              </properties>
            </test-case>
            <test-case id="1003" name="NonCurrentPlayerIntent_IsRejected" fullname="DurakGame.Tests.DurakRulesEngineTests.NonCurrentPlayerIntent_IsRejected" methodname="NonCurrentPlayerIntent_IsRejected" classname="DurakGame.Tests.DurakRulesEngineTests" runstate="Runnable" seed="1027095257" result="Passed" start-time="2026-04-07 18:24:59Z" end-time="2026-04-07 18:24:59Z" duration="0.000217" asserts="0">
              <properties>
                <property name="retryIteration" value="0" />
                <property name="repeatIteration" value="0" />
              </properties>
            </test-case>
            <test-case id="1017" name="SnapshotRestore_PreservesAuthoritativeState_AndAllowsPlayToContinue" fullname="DurakGame.Tests.DurakRulesEngineTests.SnapshotRestore_PreservesAuthoritativeState_AndAllowsPlayToContinue" methodname="SnapshotRestore_PreservesAuthoritativeState_AndAllowsPlayToContinue" classname="DurakGame.Tests.DurakRulesEngineTests" runstate="Runnable" seed="1892091908" result="Passed" start-time="2026-04-07 18:24:59Z" end-time="2026-04-07 18:24:59Z" duration="0.000606" asserts="0">
              <properties>
                <property name="retryIteration" value="0" />
                <property name="repeatIteration" value="0" />
              </properties>
            </test-case>
            <test-case id="1014" name="SuccessfulDefense_ThenEndAttack_StartsNextRoundWithPreviousDefenderAsAttacker" fullname="DurakGame.Tests.DurakRulesEngineTests.SuccessfulDefense_ThenEndAttack_StartsNextRoundWithPreviousDefenderAsAttacker" methodname="SuccessfulDefense_ThenEndAttack_StartsNextRoundWithPreviousDefenderAsAttacker" classname="DurakGame.Tests.DurakRulesEngineTests" runstate="Runnable" seed="1800643759" result="Passed" start-time="2026-04-07 18:24:59Z" end-time="2026-04-07 18:24:59Z" duration="0.000281" asserts="0">
              <properties>
                <property name="retryIteration" value="0" />
                <property name="repeatIteration" value="0" />
              </properties>
            </test-case>
            <test-case id="1010" name="TakeCards_IsRejected_WhenAllTablePairsAreAlreadyDefended" fullname="DurakGame.Tests.DurakRulesEngineTests.TakeCards_IsRejected_WhenAllTablePairsAreAlreadyDefended" methodname="TakeCards_IsRejected_WhenAllTablePairsAreAlreadyDefended" classname="DurakGame.Tests.DurakRulesEngineTests" runstate="Runnable" seed="570893862" result="Passed" start-time="2026-04-07 18:24:59Z" end-time="2026-04-07 18:24:59Z" duration="0.000206" asserts="0">
              <properties>
                <property name="retryIteration" value="0" />
                <property name="repeatIteration" value="0" />
              </properties>
            </test-case>
          </test-suite>
          <test-suite type="TestFixture" id="1020" name="LobbyIdentityResolverTests" fullname="DurakGame.Tests.LobbyIdentityResolverTests" classname="DurakGame.Tests.LobbyIdentityResolverTests" runstate="Runnable" testcasecount="10" result="Passed" start-time="2026-04-07 18:24:59Z" end-time="2026-04-07 18:24:59Z" duration="0.004037" total="10" passed="10" failed="0" inconclusive="0" skipped="0" asserts="0">
            <properties />
            <test-case id="1030" name="Clones_PreservePlayerIdentityFields" fullname="DurakGame.Tests.LobbyIdentityResolverTests.Clones_PreservePlayerIdentityFields" methodname="Clones_PreservePlayerIdentityFields" classname="DurakGame.Tests.LobbyIdentityResolverTests" runstate="Runnable" seed="348399164" result="Passed" start-time="2026-04-07 18:24:59Z" end-time="2026-04-07 18:24:59Z" duration="0.000237" asserts="0">
              <properties>
                <property name="retryIteration" value="0" />
                <property name="repeatIteration" value="0" />
              </properties>
            </test-case>
            <test-case id="1021" name="IsLocalLobbyPlayer_MatchesByClientId" fullname="DurakGame.Tests.LobbyIdentityResolverTests.IsLocalLobbyPlayer_MatchesByClientId" methodname="IsLocalLobbyPlayer_MatchesByClientId" classname="DurakGame.Tests.LobbyIdentityResolverTests" runstate="Runnable" seed="1364576029" result="Passed" start-time="2026-04-07 18:24:59Z" end-time="2026-04-07 18:24:59Z" duration="0.000150" asserts="0">
              <properties>
                <property name="retryIteration" value="0" />
                <property name="repeatIteration" value="0" />
              </properties>
            </test-case>
            <test-case id="1022" name="IsLocalLobbyPlayer_MatchesByIdentity_WhenClientIdChanged" fullname="DurakGame.Tests.LobbyIdentityResolverTests.IsLocalLobbyPlayer_MatchesByIdentity_WhenClientIdChanged" methodname="IsLocalLobbyPlayer_MatchesByIdentity_WhenClientIdChanged" classname="DurakGame.Tests.LobbyIdentityResolverTests" runstate="Runnable" seed="1725653618" result="Passed" start-time="2026-04-07 18:24:59Z" end-time="2026-04-07 18:24:59Z" duration="0.000082" asserts="0">
              <properties>
                <property name="retryIteration" value="0" />
                <property name="repeatIteration" value="0" />
              </properties>
            </test-case>
            <test-case id="1028" name="ResolveLocalPlayerId_PrefersOwnerClientId_WhenIdentityIsDuplicated" fullname="DurakGame.Tests.LobbyIdentityResolverTests.ResolveLocalPlayerId_PrefersOwnerClientId_WhenIdentityIsDuplicated" methodname="ResolveLocalPlayerId_PrefersOwnerClientId_WhenIdentityIsDuplicated" classname="DurakGame.Tests.LobbyIdentityResolverTests" runstate="Runnable" seed="1130333639" result="Passed" start-time="2026-04-07 18:24:59Z" end-time="2026-04-07 18:24:59Z" duration="0.000226" asserts="0">
              <properties>
                <property name="retryIteration" value="0" />
                <property name="repeatIteration" value="0" />
              </properties>
            </test-case>
            <test-case id="1029" name="ResolveLocalPlayerId_ReturnsMinusOne_WhenNoMatch" fullname="DurakGame.Tests.LobbyIdentityResolverTests.ResolveLocalPlayerId_ReturnsMinusOne_WhenNoMatch" methodname="ResolveLocalPlayerId_ReturnsMinusOne_WhenNoMatch" classname="DurakGame.Tests.LobbyIdentityResolverTests" runstate="Runnable" seed="1805028156" result="Passed" start-time="2026-04-07 18:24:59Z" end-time="2026-04-07 18:24:59Z" duration="0.000118" asserts="0">
              <properties>
                <property name="retryIteration" value="0" />
                <property name="repeatIteration" value="0" />
              </properties>
            </test-case>
            <test-case id="1025" name="ResolveLocalPlayerId_UsesIdentity_WhenOwnerClientIdStale" fullname="DurakGame.Tests.LobbyIdentityResolverTests.ResolveLocalPlayerId_UsesIdentity_WhenOwnerClientIdStale" methodname="ResolveLocalPlayerId_UsesIdentity_WhenOwnerClientIdStale" classname="DurakGame.Tests.LobbyIdentityResolverTests" runstate="Runnable" seed="1540088677" result="Passed" start-time="2026-04-07 18:24:59Z" end-time="2026-04-07 18:24:59Z" duration="0.000147" asserts="0">
              <properties>
                <property name="retryIteration" value="0" />
                <property name="repeatIteration" value="0" />
              </properties>
            </test-case>
            <test-case id="1024" name="TryGetLocalLobbyReady_FallsBackToClientId_WhenIdentityMissing" fullname="DurakGame.Tests.LobbyIdentityResolverTests.TryGetLocalLobbyReady_FallsBackToClientId_WhenIdentityMissing" methodname="TryGetLocalLobbyReady_FallsBackToClientId_WhenIdentityMissing" classname="DurakGame.Tests.LobbyIdentityResolverTests" runstate="Runnable" seed="2127177723" result="Passed" start-time="2026-04-07 18:24:59Z" end-time="2026-04-07 18:24:59Z" duration="0.000368" asserts="0">
              <properties>
                <property name="retryIteration" value="0" />
                <property name="repeatIteration" value="0" />
              </properties>
            </test-case>
            <test-case id="1023" name="TryGetLocalLobbyReady_PrefersClientIdOverIdentity" fullname="DurakGame.Tests.LobbyIdentityResolverTests.TryGetLocalLobbyReady_PrefersClientIdOverIdentity" methodname="TryGetLocalLobbyReady_PrefersClientIdOverIdentity" classname="DurakGame.Tests.LobbyIdentityResolverTests" runstate="Runnable" seed="1463947433" result="Passed" start-time="2026-04-07 18:24:59Z" end-time="2026-04-07 18:24:59Z" duration="0.000123" asserts="0">
              <properties>
                <property name="retryIteration" value="0" />
                <property name="repeatIteration" value="0" />
              </properties>
            </test-case>
            <test-case id="1026" name="TryResolveLocalLobbyPlayer_PrefersClientId_WhenIdentityIsDuplicated" fullname="DurakGame.Tests.LobbyIdentityResolverTests.TryResolveLocalLobbyPlayer_PrefersClientId_WhenIdentityIsDuplicated" methodname="TryResolveLocalLobbyPlayer_PrefersClientId_WhenIdentityIsDuplicated" classname="DurakGame.Tests.LobbyIdentityResolverTests" runstate="Runnable" seed="236663948" result="Passed" start-time="2026-04-07 18:24:59Z" end-time="2026-04-07 18:24:59Z" duration="0.000354" asserts="0">
              <properties>
                <property name="retryIteration" value="0" />
                <property name="repeatIteration" value="0" />
              </properties>
            </test-case>
            <test-case id="1027" name="TryResolveLocalLobbyPlayer_ReturnsFalse_WhenIdentityDuplicateAndClientIdMissing" fullname="DurakGame.Tests.LobbyIdentityResolverTests.TryResolveLocalLobbyPlayer_ReturnsFalse_WhenIdentityDuplicateAndClientIdMissing" methodname="TryResolveLocalLobbyPlayer_ReturnsFalse_WhenIdentityDuplicateAndClientIdMissing" classname="DurakGame.Tests.LobbyIdentityResolverTests" runstate="Runnable" seed="1362499576" result="Passed" start-time="2026-04-07 18:24:59Z" end-time="2026-04-07 18:24:59Z" duration="0.000245" asserts="0">
              <properties>
                <property name="retryIteration" value="0" />
                <property name="repeatIteration" value="0" />
              </properties>
              <output><![CDATA[Saving results to: C:/Users/Administrator/AppData/LocalLow/DefaultCompany/DurakGameCodex\TestResults.xml
]]></output>
            </test-case>
          </test-suite>
        </test-suite>
      </test-suite>
    </test-suite>
  </test-suite>
</test-run>